<?xml version="1.0" encoding="UTF-8"?>
<testng-results ignored="0" total="1" passed="1" failed="0" skipped="0">
  <reporter-output>
  </reporter-output>
  <suite started-at="2025-07-18T23:12:03 IST" name="Default suite" finished-at="2025-07-18T23:12:03 IST" duration-ms="118">
    <groups>
    </groups>
    <test started-at="2025-07-18T23:12:03 IST" name="Default test" finished-at="2025-07-18T23:12:03 IST" duration-ms="118">
      <class name="com.SplitString">
        <test-method signature="splitString_Reverse()[pri:0, instance:com.SplitString@5e0e82ae]" started-at="2025-07-18T23:12:03 IST" name="splitString_Reverse" finished-at="2025-07-18T23:12:03 IST" duration-ms="23" status="PASS">
          <reporter-output>
          </reporter-output>
        </test-method> <!-- splitString_Reverse -->
      </class> <!-- com.SplitString -->
    </test> <!-- Default test -->
  </suite> <!-- Default suite -->
</testng-results>
